<?xml version="1.0" encoding="UTF-8"?>
<!-- Generated by org.testng.reporters.JUnitReportReporter -->
<testsuite skipped="1" hostname="clearAvenue-HP" name="obieeReportsTests.FSA" tests="1" failures="0" timestamp="26 Sep 2019 12:06:54 GMT" time="0.001" errors="0">
  <testcase name="runFSA" time="0.001" classname="obieeReportsTests.FSA">
    <skipped/>
  </testcase> <!-- runFSA -->
</testsuite> <!-- obieeReportsTests.FSA -->
