<?xml version="1.0" encoding="UTF-8"?>
<!-- Generated by org.testng.reporters.JUnitReportReporter -->
<testsuite skipped="1" hostname="clearAvenue-HP" name="obieeReportsTests.PERSTEMPO" tests="1" failures="0" timestamp="26 Sep 2019 12:06:54 GMT" time="0.001" errors="0">
  <testcase name="runPERSTEMPO" time="0.001" classname="obieeReportsTests.PERSTEMPO">
    <skipped/>
  </testcase> <!-- runPERSTEMPO -->
</testsuite> <!-- obieeReportsTests.PERSTEMPO -->
