<?xml version="1.0" encoding="UTF-8"?>
<!-- Generated by org.testng.reporters.JUnitReportReporter -->
<testsuite skipped="1" hostname="clearAvenue-HP" name="obieeReportsTests.AuditTrailPersonData" tests="1" failures="0" timestamp="10 Dec 2019 06:10:17 GMT" time="0.000" errors="0">
  <testcase name="auditTrailPersonData" time="0.000" classname="obieeReportsTests.AuditTrailPersonData">
    <skipped/>
  </testcase> <!-- auditTrailPersonData -->
</testsuite> <!-- obieeReportsTests.AuditTrailPersonData -->
