<?xml version="1.0" encoding="UTF-8"?>
<!-- Generated by org.testng.reporters.JUnitReportReporter -->
<testsuite skipped="0" hostname="clearAvenue-HP" name="obieeReportsBase.TestBaseReports" tests="1" failures="0" timestamp="18 Sep 2019 15:02:18 GMT" time="1.832" errors="0">
  <testcase name="runRequestedReport" time="1.832" classname="obieeReportsBase.TestBaseReports"/>
</testsuite> <!-- obieeReportsBase.TestBaseReports -->
