<?xml version="1.0" encoding="UTF-8"?>
<!-- Generated by org.testng.reporters.JUnitReportReporter -->
<testsuite skipped="1" hostname="clearAvenue-HP" name="obieeReportsTests.ReportOCONUS" tests="1" failures="0" timestamp="10 Dec 2019 06:10:16 GMT" time="0.000" errors="0">
  <testcase name="reportOCONUS" time="0.000" classname="obieeReportsTests.ReportOCONUS">
    <skipped/>
  </testcase> <!-- reportOCONUS -->
</testsuite> <!-- obieeReportsTests.ReportOCONUS -->
