<?xml version="1.0" encoding="UTF-8"?>
<!-- Generated by org.testng.reporters.JUnitReportReporter -->
<testsuite skipped="1" hostname="clearAvenue-HP" name="obieeReportsTests.MiltaryLeave" tests="1" failures="0" timestamp="25 Sep 2019 14:12:40 GMT" time="0.000" errors="0">
  <testcase name="runMilitaryLeave" time="0.000" classname="obieeReportsTests.MiltaryLeave">
    <skipped/>
  </testcase> <!-- runMilitaryLeave -->
</testsuite> <!-- obieeReportsTests.MiltaryLeave -->
