<?xml version="1.0" encoding="UTF-8"?>
<!-- Generated by org.testng.reporters.JUnitReportReporter -->
<testsuite skipped="1" hostname="clearAvenue-HP" name="obieeReportsTests.DocumentStatusDetails" tests="1" failures="0" timestamp="10 Dec 2019 06:10:16 GMT" time="0.001" errors="0">
  <testcase name="documentStatusDetails" time="0.001" classname="obieeReportsTests.DocumentStatusDetails">
    <skipped/>
  </testcase> <!-- documentStatusDetails -->
</testsuite> <!-- obieeReportsTests.DocumentStatusDetails -->
