<?xml version="1.0" encoding="UTF-8"?>
<!-- Generated by org.testng.reporters.JUnitReportReporter -->
<testsuite skipped="1" hostname="clearAvenue-HP" name="obieeReportsTests.ReportAdjustments" tests="1" failures="0" timestamp="10 Dec 2019 06:10:17 GMT" time="0.001" errors="0">
  <testcase name="reportAdjustments" time="0.001" classname="obieeReportsTests.ReportAdjustments">
    <skipped/>
  </testcase> <!-- reportAdjustments -->
</testsuite> <!-- obieeReportsTests.ReportAdjustments -->
