<?xml version="1.0" encoding="UTF-8"?>
<!-- Generated by org.testng.reporters.JUnitReportReporter -->
<testsuite skipped="1" hostname="clearAvenue-HP" name="obieeReportsTests.OCONUS" tests="1" failures="0" timestamp="26 Sep 2019 12:06:54 GMT" time="0.004" errors="0">
  <testcase name="runOCONUS" time="0.004" classname="obieeReportsTests.OCONUS">
    <skipped/>
  </testcase> <!-- runOCONUS -->
</testsuite> <!-- obieeReportsTests.OCONUS -->
