<?xml version="1.0" encoding="UTF-8"?>
<!-- Generated by org.testng.reporters.JUnitReportReporter -->
<testsuite skipped="0" hostname="clearAvenue-HP" name="obieeReportsTests.CompleteTravelerInfo" tests="1" failures="0" timestamp="10 Dec 2019 06:10:16 GMT" time="1.490" errors="0">
  <testcase name="completeTravelerInfo" time="1.490" classname="obieeReportsTests.CompleteTravelerInfo"/>
</testsuite> <!-- obieeReportsTests.CompleteTravelerInfo -->
